0 info it worked if it ends with ok
1 verbose cli [ 'C:\\Program Files (x86)\\nodejs\\node.exe',
1 verbose cli   'C:\\Program Files (x86)\\nodejs\\node_modules\\npm\\bin\\npm-cli.js',
1 verbose cli   'i',
1 verbose cli   'grunt-contribut-watch' ]
2 info using npm@2.14.12
3 info using node@v4.3.1
4 verbose install initial load of C:\Users\Marichka\es\package.json
5 warn package.json grunt@0.4.5 No README data
6 verbose installManyTop reading scoped package data from C:\Users\Marichka\es\node_modules\async\package.json
7 verbose installManyTop reading scoped package data from C:\Users\Marichka\es\node_modules\babel-preset-es2015\package.json
8 verbose installManyTop reading scoped package data from C:\Users\Marichka\es\node_modules\coffee-script\package.json
9 verbose installManyTop reading scoped package data from C:\Users\Marichka\es\node_modules\colors\package.json
10 verbose installManyTop reading scoped package data from C:\Users\Marichka\es\node_modules\dateformat\package.json
11 verbose installManyTop reading scoped package data from C:\Users\Marichka\es\node_modules\difflet\package.json
12 verbose installManyTop reading scoped package data from C:\Users\Marichka\es\node_modules\eventemitter2\package.json
13 verbose installManyTop reading scoped package data from C:\Users\Marichka\es\node_modules\exit\package.json
14 verbose installManyTop reading scoped package data from C:\Users\Marichka\es\node_modules\findup-sync\package.json
15 verbose installManyTop reading scoped package data from C:\Users\Marichka\es\node_modules\getobject\package.json
16 verbose installManyTop reading scoped package data from C:\Users\Marichka\es\node_modules\glob\package.json
17 verbose installManyTop reading scoped package data from C:\Users\Marichka\es\node_modules\grunt\package.json
18 verbose installManyTop reading scoped package data from C:\Users\Marichka\es\node_modules\grunt-babel\package.json
19 verbose installManyTop reading scoped package data from C:\Users\Marichka\es\node_modules\grunt-contrib-jshint\package.json
20 verbose installManyTop reading scoped package data from C:\Users\Marichka\es\node_modules\grunt-contrib-nodeunit\package.json
21 verbose installManyTop reading scoped package data from C:\Users\Marichka\es\node_modules\grunt-contrib-uglify\package.json
22 verbose installManyTop reading scoped package data from C:\Users\Marichka\es\node_modules\grunt-contrib-watch\package.json
23 verbose installManyTop reading scoped package data from C:\Users\Marichka\es\node_modules\grunt-legacy-log\package.json
24 verbose installManyTop reading scoped package data from C:\Users\Marichka\es\node_modules\grunt-legacy-util\package.json
25 verbose installManyTop reading scoped package data from C:\Users\Marichka\es\node_modules\hooker\package.json
26 verbose installManyTop reading scoped package data from C:\Users\Marichka\es\node_modules\iconv-lite\package.json
27 verbose installManyTop reading scoped package data from C:\Users\Marichka\es\node_modules\js-yaml\package.json
28 verbose installManyTop reading scoped package data from C:\Users\Marichka\es\node_modules\load-grunt-tasks\package.json
29 verbose installManyTop reading scoped package data from C:\Users\Marichka\es\node_modules\lodash\package.json
30 verbose installManyTop reading scoped package data from C:\Users\Marichka\es\node_modules\minimatch\package.json
31 verbose installManyTop reading scoped package data from C:\Users\Marichka\es\node_modules\nopt\package.json
32 verbose installManyTop reading scoped package data from C:\Users\Marichka\es\node_modules\phantomjs\package.json
33 verbose installManyTop reading scoped package data from C:\Users\Marichka\es\node_modules\rimraf\package.json
34 verbose installManyTop reading scoped package data from C:\Users\Marichka\es\node_modules\semver\package.json
35 verbose installManyTop reading scoped package data from C:\Users\Marichka\es\node_modules\shelljs\package.json
36 verbose installManyTop reading scoped package data from C:\Users\Marichka\es\node_modules\temporary\package.json
37 verbose installManyTop reading scoped package data from C:\Users\Marichka\es\node_modules\underscore.string\package.json
38 verbose installManyTop reading scoped package data from C:\Users\Marichka\es\node_modules\which\package.json
39 info package.json async@0.1.22 No license field.
40 info package.json coffee-script@1.3.3 No license field.
41 info package.json colors@0.6.2 No license field.
42 info package.json exit@0.1.2 No license field.
43 info package.json findup-sync@0.1.3 No license field.
44 info package.json getobject@0.1.0 No license field.
45 info package.json glob@3.1.21 license should be a valid SPDX license expression
46 info package.json grunt-contrib-watch@0.6.1 No license field.
47 info package.json grunt-legacy-util@0.2.0 No license field.
48 info package.json hooker@0.2.3 No license field.
49 info package.json js-yaml@2.0.5 license should be a valid SPDX license expression
50 info package.json minimatch@0.2.14 license should be a valid SPDX license expression
51 info package.json nopt@1.0.10 license should be a valid SPDX license expression
52 info package.json rimraf@2.2.8 license should be a valid SPDX license expression
53 info package.json temporary@0.0.8 No license field.
54 info package.json underscore.string@2.2.1 No license field.
55 info package.json dateformat@1.0.2-1.2.3 No repository field.
56 info package.json dateformat@1.0.2-1.2.3 No license field.
57 info package.json grunt-contrib-nodeunit@0.2.2 No license field.
58 info package.json grunt-contrib-jshint@0.6.5 No license field.
59 info package.json semver@2.1.0 license should be a valid SPDX license expression
60 info package.json shelljs@0.2.6 No license field.
61 verbose readDependencies loading dependencies from C:\Users\Marichka\es\package.json
62 silly cache add args [ 'grunt-contribut-watch', null ]
63 verbose cache add spec grunt-contribut-watch
64 silly cache add parsed spec Result {
64 silly cache add   raw: 'grunt-contribut-watch',
64 silly cache add   scope: null,
64 silly cache add   name: 'grunt-contribut-watch',
64 silly cache add   rawSpec: '',
64 silly cache add   spec: 'latest',
64 silly cache add   type: 'tag' }
65 silly addNamed grunt-contribut-watch@latest
66 verbose addNamed "latest" is being treated as a dist-tag for grunt-contribut-watch
67 info addNameTag [ 'grunt-contribut-watch', 'latest' ]
68 silly mapToRegistry name grunt-contribut-watch
69 silly mapToRegistry using default registry
70 silly mapToRegistry registry https://registry.npmjs.org/
71 silly mapToRegistry uri https://registry.npmjs.org/grunt-contribut-watch
72 verbose addNameTag registry:https://registry.npmjs.org/grunt-contribut-watch not in flight; fetching
73 verbose request uri https://registry.npmjs.org/grunt-contribut-watch
74 verbose request no auth needed
75 info attempt registry request try #1 at 19:08:47
76 verbose request id 431b43ae76f2f1d0
77 http request GET https://registry.npmjs.org/grunt-contribut-watch
78 http 404 https://registry.npmjs.org/grunt-contribut-watch
79 verbose headers { 'content-type': 'application/json',
79 verbose headers   'cache-control': 'max-age=0',
79 verbose headers   'content-length': '2',
79 verbose headers   'accept-ranges': 'bytes',
79 verbose headers   date: 'Mon, 14 Mar 2016 17:08:52 GMT',
79 verbose headers   via: '1.1 varnish',
79 verbose headers   age: '0',
79 verbose headers   connection: 'keep-alive',
79 verbose headers   'x-served-by': 'cache-fra1243-FRA',
79 verbose headers   'x-cache': 'MISS',
79 verbose headers   'x-cache-hits': '0',
79 verbose headers   'x-timer': 'S1457975332.402326,VS0,VE190' }
80 silly get cb [ 404,
80 silly get   { 'content-type': 'application/json',
80 silly get     'cache-control': 'max-age=0',
80 silly get     'content-length': '2',
80 silly get     'accept-ranges': 'bytes',
80 silly get     date: 'Mon, 14 Mar 2016 17:08:52 GMT',
80 silly get     via: '1.1 varnish',
80 silly get     age: '0',
80 silly get     connection: 'keep-alive',
80 silly get     'x-served-by': 'cache-fra1243-FRA',
80 silly get     'x-cache': 'MISS',
80 silly get     'x-cache-hits': '0',
80 silly get     'x-timer': 'S1457975332.402326,VS0,VE190' } ]
81 verbose stack Error: Registry returned 404 for GET on https://registry.npmjs.org/grunt-contribut-watch
81 verbose stack     at makeError (C:\Program Files (x86)\nodejs\node_modules\npm\node_modules\npm-registry-client\lib\request.js:264:12)
81 verbose stack     at CachingRegistryClient.<anonymous> (C:\Program Files (x86)\nodejs\node_modules\npm\node_modules\npm-registry-client\lib\request.js:242:14)
81 verbose stack     at Request._callback (C:\Program Files (x86)\nodejs\node_modules\npm\node_modules\npm-registry-client\lib\request.js:172:14)
81 verbose stack     at Request.self.callback (C:\Program Files (x86)\nodejs\node_modules\npm\node_modules\request\request.js:198:22)
81 verbose stack     at emitTwo (events.js:87:13)
81 verbose stack     at Request.emit (events.js:172:7)
81 verbose stack     at Request.<anonymous> (C:\Program Files (x86)\nodejs\node_modules\npm\node_modules\request\request.js:1082:10)
81 verbose stack     at emitOne (events.js:82:20)
81 verbose stack     at Request.emit (events.js:169:7)
81 verbose stack     at IncomingMessage.<anonymous> (C:\Program Files (x86)\nodejs\node_modules\npm\node_modules\request\request.js:1009:12)
82 verbose statusCode 404
83 verbose pkgid grunt-contribut-watch
84 verbose cwd C:\Users\Marichka\es
85 error Windows_NT 10.0.10240
86 error argv "C:\\Program Files (x86)\\nodejs\\node.exe" "C:\\Program Files (x86)\\nodejs\\node_modules\\npm\\bin\\npm-cli.js" "i" "grunt-contribut-watch"
87 error node v4.3.1
88 error npm  v2.14.12
89 error code E404
90 error 404 Registry returned 404 for GET on https://registry.npmjs.org/grunt-contribut-watch
90 error 404
90 error 404 'grunt-contribut-watch' is not in the npm registry.
90 error 404 You should bug the author to publish it (or use the name yourself!)
90 error 404 It was specified as a dependency of 'grunt'
90 error 404
90 error 404 Note that you can also install from a
90 error 404 tarball, folder, http url, or git url.
91 verbose exit [ 1, true ]
